Determining if the pthread_create exist failed with the following output:
Change Dir: /home/batman/Documents/CodingProblems/q3.condition_variable/build/CMakeFiles/CMakeTmp

Run Build Command:"/usr/bin/make" "cmTC_e9785/fast"
/usr/bin/make -f CMakeFiles/cmTC_e9785.dir/build.make CMakeFiles/cmTC_e9785.dir/build
make[1]: Entering directory '/home/batman/Documents/CodingProblems/q3.condition_variable/build/CMakeFiles/CMakeTmp'
Building C object CMakeFiles/cmTC_e9785.dir/CheckSymbolExists.c.o
/usr/bin/cc    -o CMakeFiles/cmTC_e9785.dir/CheckSymbolExists.c.o   -c /home/batman/Documents/CodingProblems/q3.condition_variable/build/CMakeFiles/CMakeTmp/CheckSymbolExists.c
Linking C executable cmTC_e9785
/usr/bin/cmake -E cmake_link_script CMakeFiles/cmTC_e9785.dir/link.txt --verbose=1
/usr/bin/cc      -rdynamic CMakeFiles/cmTC_e9785.dir/CheckSymbolExists.c.o  -o cmTC_e9785 
CMakeFiles/cmTC_e9785.dir/CheckSymbolExists.c.o: In function `main':
CheckSymbolExists.c:(.text+0x1b): undefined reference to `pthread_create'
collect2: error: ld returned 1 exit status
CMakeFiles/cmTC_e9785.dir/build.make:97: recipe for target 'cmTC_e9785' failed
make[1]: *** [cmTC_e9785] Error 1
make[1]: Leaving directory '/home/batman/Documents/CodingProblems/q3.condition_variable/build/CMakeFiles/CMakeTmp'
Makefile:126: recipe for target 'cmTC_e9785/fast' failed
make: *** [cmTC_e9785/fast] Error 2

File /home/batman/Documents/CodingProblems/q3.condition_variable/build/CMakeFiles/CMakeTmp/CheckSymbolExists.c:
/* */
#include <pthread.h>

int main(int argc, char** argv)
{
  (void)argv;
#ifndef pthread_create
  return ((int*)(&pthread_create))[argc];
#else
  (void)argc;
  return 0;
#endif
}

Determining if the function pthread_create exists in the pthreads failed with the following output:
Change Dir: /home/batman/Documents/CodingProblems/q3.condition_variable/build/CMakeFiles/CMakeTmp

Run Build Command:"/usr/bin/make" "cmTC_abf7b/fast"
/usr/bin/make -f CMakeFiles/cmTC_abf7b.dir/build.make CMakeFiles/cmTC_abf7b.dir/build
make[1]: Entering directory '/home/batman/Documents/CodingProblems/q3.condition_variable/build/CMakeFiles/CMakeTmp'
Building C object CMakeFiles/cmTC_abf7b.dir/CheckFunctionExists.c.o
/usr/bin/cc   -DCHECK_FUNCTION_EXISTS=pthread_create   -o CMakeFiles/cmTC_abf7b.dir/CheckFunctionExists.c.o   -c /usr/share/cmake-3.10/Modules/CheckFunctionExists.c
Linking C executable cmTC_abf7b
/usr/bin/cmake -E cmake_link_script CMakeFiles/cmTC_abf7b.dir/link.txt --verbose=1
/usr/bin/cc  -DCHECK_FUNCTION_EXISTS=pthread_create    -rdynamic CMakeFiles/cmTC_abf7b.dir/CheckFunctionExists.c.o  -o cmTC_abf7b -lpthreads 
/usr/bin/ld: cannot find -lpthreads
collect2: error: ld returned 1 exit status
CMakeFiles/cmTC_abf7b.dir/build.make:97: recipe for target 'cmTC_abf7b' failed
make[1]: *** [cmTC_abf7b] Error 1
make[1]: Leaving directory '/home/batman/Documents/CodingProblems/q3.condition_variable/build/CMakeFiles/CMakeTmp'
Makefile:126: recipe for target 'cmTC_abf7b/fast' failed
make: *** [cmTC_abf7b/fast] Error 2


